<?xml version="1.0" encoding="UTF-8"?>
<!-- Generated by org.testng.reporters.JUnitReportReporter -->
<testsuite hostname="Mac.lan" failures="0" tests="4" name="com.hybridframework.testcases.login.LoginTest" time="19.669" errors="0" timestamp="2025-06-03T02:21:01 IST" skipped="0">
  <testcase classname="com.hybridframework.testcases.login.LoginTest" name="verifyLoginWithValidCredential" time="4.422"/>
  <testcase classname="com.hybridframework.testcases.login.LoginTest" name="verifyLoginWithValidCredential" time="4.154"/>
  <testcase classname="com.hybridframework.testcases.login.LoginTest" name="verifyLoginWithValidCredential" time="6.730"/>
  <testcase classname="com.hybridframework.testcases.login.LoginTest" name="verifyLoginWithInvalidCredential" time="4.363"/>
</testsuite> <!-- com.hybridframework.testcases.login.LoginTest -->
